
1월 14, 2021 17:38:28.74 NEW SESSION
1월 14, 2021 17:38:28.74 [10720:31472:0114/173828.746:ERROR:device_event_log_impl.cc(211)] [17:38:28.745] USB: usb_device_handle_win.cc:1020 Failed to read descriptor from node connection: 시스템에 부착된 장치가 작동하지 않습니다. (0x1F)
1월 14, 2021 17:48:21.06 [0114/174821.061:ERROR:directory_reader_win.cc(43)] FindFirstFile: 지정된 경로를 찾을 수 없습니다. (0x3)
1월 14, 2021 17:51:41.30 [31520:11336:0114/175141.309:ERROR:device_event_log_impl.cc(211)] [17:51:41.308] USB: usb_device_handle_win.cc:1020 Failed to read descriptor from node connection: 시스템에 부착된 장치가 작동하지 않습니다. (0x1F)
1월 14, 2021 17:58:24.54 [22824:11796:0114/175824.547:ERROR:device_event_log_impl.cc(211)] [17:58:24.548] USB: usb_device_handle_win.cc:1020 Failed to read descriptor from node connection: 시스템에 부착된 장치가 작동하지 않습니다. (0x1F)
1월 14, 2021 17:59:05.50 [1096:31496:0114/175905.505:ERROR:device_event_log_impl.cc(211)] [17:59:05.505] USB: usb_device_handle_win.cc:1020 Failed to read descriptor from node connection: 시스템에 부착된 장치가 작동하지 않습니다. (0x1F)
1월 14, 2021 18:08:57.85 [0114/180857.848:ERROR:directory_reader_win.cc(43)] FindFirstFile: 지정된 경로를 찾을 수 없습니다. (0x3)

1월 15, 2021 15:41:26.93 NEW SESSION
1월 15, 2021 15:41:26.93 [25508:30296:0115/154126.931:ERROR:device_event_log_impl.cc(211)] [15:41:26.933] USB: usb_device_handle_win.cc:1020 Failed to read descriptor from node connection: 시스템에 부착된 장치가 작동하지 않습니다. (0x1F)
1월 15, 2021 15:51:15.53 [0115/155115.376:ERROR:directory_reader_win.cc(43)] FindFirstFile: 지정된 경로를 찾을 수 없습니다. (0x3)
1월 15, 2021 16:04:34.55 [13668:23012:0115/160434.556:ERROR:device_event_log_impl.cc(211)] [16:04:34.556] USB: usb_device_handle_win.cc:1020 Failed to read descriptor from node connection: 시스템에 부착된 장치가 작동하지 않습니다. (0x1F)
1월 15, 2021 16:14:27.80 [0115/161427.809:ERROR:directory_reader_win.cc(43)] FindFirstFile: 지정된 경로를 찾을 수 없습니다. (0x3)
1월 15, 2021 17:15:56.38 [21528:3712:0115/171556.384:ERROR:device_event_log_impl.cc(211)] [17:15:56.393] USB: usb_device_handle_win.cc:1020 Failed to read descriptor from node connection: 시스템에 부착된 장치가 작동하지 않습니다. (0x1F)
1월 15, 2021 17:25:49.97 [0115/172549.979:ERROR:directory_reader_win.cc(43)] FindFirstFile: 지정된 경로를 찾을 수 없습니다. (0x3)
1월 15, 2021 17:36:33.89 [8308:26768:0115/173633.892:ERROR:device_event_log_impl.cc(211)] [17:36:33.892] USB: usb_device_handle_win.cc:1020 Failed to read descriptor from node connection: 시스템에 부착된 장치가 작동하지 않습니다. (0x1F)
1월 15, 2021 17:46:25.17 [0115/174625.173:ERROR:directory_reader_win.cc(43)] FindFirstFile: 지정된 경로를 찾을 수 없습니다. (0x3)
1월 15, 2021 17:59:20.02 [30092:32596:0115/175920.006:ERROR:device_event_log_impl.cc(211)] [17:59:20.021] USB: usb_device_handle_win.cc:1020 Failed to read descriptor from node connection: 시스템에 부착된 장치가 작동하지 않습니다. (0x1F)
1월 15, 2021 18:09:10.05 [0115/180910.059:ERROR:directory_reader_win.cc(43)] FindFirstFile: 지정된 경로를 찾을 수 없습니다. (0x3)

1월 18, 2021 16:00:01.06 NEW SESSION
1월 18, 2021 16:00:01.06 [19752:1200:0118/160001.064:ERROR:device_event_log_impl.cc(211)] [16:00:01.064] USB: usb_device_handle_win.cc:1020 Failed to read descriptor from node connection: 시스템에 부착된 장치가 작동하지 않습니다. (0x1F)
1월 18, 2021 16:11:33.13 [19560:9808:0118/161133.131:ERROR:device_event_log_impl.cc(211)] [16:11:33.131] USB: usb_device_handle_win.cc:1020 Failed to read descriptor from node connection: 시스템에 부착된 장치가 작동하지 않습니다. (0x1F)
1월 18, 2021 16:21:22.32 [0118/162122.319:ERROR:directory_reader_win.cc(43)] FindFirstFile: 지정된 경로를 찾을 수 없습니다. (0x3)
1월 18, 2021 17:54:53.42 [24500:26484:0118/175453.428:ERROR:device_event_log_impl.cc(211)] [17:54:53.429] USB: usb_device_handle_win.cc:1020 Failed to read descriptor from node connection: 시스템에 부착된 장치가 작동하지 않습니다. (0x1F)
1월 18, 2021 17:56:29.16 [26032:26200:0118/175629.164:ERROR:device_event_log_impl.cc(211)] [17:56:29.164] USB: usb_device_handle_win.cc:1020 Failed to read descriptor from node connection: 시스템에 부착된 장치가 작동하지 않습니다. (0x1F)
1월 18, 2021 18:09:09.21 [1820:22680:0118/180909.216:ERROR:device_event_log_impl.cc(211)] [18:09:09.216] USB: usb_device_handle_win.cc:1020 Failed to read descriptor from node connection: 시스템에 부착된 장치가 작동하지 않습니다. (0x1F)
1월 18, 2021 18:14:53.83 [26332:25832:0118/181453.830:ERROR:device_event_log_impl.cc(211)] [18:14:53.830] USB: usb_device_handle_win.cc:1020 Failed to read descriptor from node connection: 시스템에 부착된 장치가 작동하지 않습니다. (0x1F)

1월 19, 2021 16:18:54.42 NEW SESSION
1월 19, 2021 16:18:54.42 [14000:2544:0119/161854.420:ERROR:device_event_log_impl.cc(211)] [16:18:54.420] USB: usb_device_handle_win.cc:1020 Failed to read descriptor from node connection: 시스템에 부착된 장치가 작동하지 않습니다. (0x1F)
1월 19, 2021 16:28:49.86 [0119/162849.865:ERROR:directory_reader_win.cc(43)] FindFirstFile: 지정된 경로를 찾을 수 없습니다. (0x3)
1월 19, 2021 16:59:49.33 [18004:21664:0119/165949.333:ERROR:device_event_log_impl.cc(211)] [16:59:49.333] USB: usb_device_handle_win.cc:1020 Failed to read descriptor from node connection: 시스템에 부착된 장치가 작동하지 않습니다. (0x1F)
1월 19, 2021 17:03:33.61 [31536:5088:0119/170333.612:ERROR:device_event_log_impl.cc(211)] [17:03:33.612] USB: usb_device_handle_win.cc:1020 Failed to read descriptor from node connection: 시스템에 부착된 장치가 작동하지 않습니다. (0x1F)
1월 19, 2021 17:07:36.94 [12336:30404:0119/170736.945:ERROR:device_event_log_impl.cc(211)] [17:07:36.945] USB: usb_device_handle_win.cc:1020 Failed to read descriptor from node connection: 시스템에 부착된 장치가 작동하지 않습니다. (0x1F)
1월 19, 2021 17:08:58.65 [31624:21440:0119/170858.654:ERROR:device_event_log_impl.cc(211)] [17:08:58.654] USB: usb_device_handle_win.cc:1020 Failed to read descriptor from node connection: 시스템에 부착된 장치가 작동하지 않습니다. (0x1F)
1월 19, 2021 17:11:05.65 [31552:6476:0119/171105.653:ERROR:device_event_log_impl.cc(211)] [17:11:05.653] USB: usb_device_handle_win.cc:1020 Failed to read descriptor from node connection: 시스템에 부착된 장치가 작동하지 않습니다. (0x1F)
1월 19, 2021 17:16:56.96 [21248:30876:0119/171656.963:ERROR:device_event_log_impl.cc(211)] [17:16:56.963] USB: usb_device_handle_win.cc:1020 Failed to read descriptor from node connection: 시스템에 부착된 장치가 작동하지 않습니다. (0x1F)
1월 19, 2021 17:22:05.46 [29564:27808:0119/172205.468:ERROR:device_event_log_impl.cc(211)] [17:22:05.468] USB: usb_device_handle_win.cc:1020 Failed to read descriptor from node connection: 시스템에 부착된 장치가 작동하지 않습니다. (0x1F)
1월 19, 2021 17:31:59.39 [0119/173159.390:ERROR:directory_reader_win.cc(43)] FindFirstFile: 지정된 경로를 찾을 수 없습니다. (0x3)
1월 19, 2021 17:49:53.17 [11744:14800:0119/174953.179:ERROR:device_event_log_impl.cc(211)] [17:49:53.178] USB: usb_device_handle_win.cc:1020 Failed to read descriptor from node connection: 시스템에 부착된 장치가 작동하지 않습니다. (0x1F)
1월 19, 2021 17:50:19.16 [26268:21332:0119/175019.169:ERROR:device_event_log_impl.cc(211)] [17:50:19.168] USB: usb_device_handle_win.cc:1020 Failed to read descriptor from node connection: 시스템에 부착된 장치가 작동하지 않습니다. (0x1F)
1월 19, 2021 17:51:54.69 [18408:21960:0119/175154.689:ERROR:device_event_log_impl.cc(211)] [17:51:54.690] USB: usb_device_handle_win.cc:1020 Failed to read descriptor from node connection: 시스템에 부착된 장치가 작동하지 않습니다. (0x1F)
1월 19, 2021 17:52:03.24 [16984:19552:0119/175203.248:ERROR:device_event_log_impl.cc(211)] [17:52:03.248] USB: usb_device_handle_win.cc:1020 Failed to read descriptor from node connection: 시스템에 부착된 장치가 작동하지 않습니다. (0x1F)
1월 19, 2021 18:20:47.19 [19036:19936:0119/182047.194:ERROR:device_event_log_impl.cc(211)] [18:20:47.194] USB: usb_device_handle_win.cc:1020 Failed to read descriptor from node connection: 시스템에 부착된 장치가 작동하지 않습니다. (0x1F)
1월 19, 2021 18:25:00.40 [20700:13080:0119/182500.409:ERROR:device_event_log_impl.cc(211)] [18:25:00.409] USB: usb_device_handle_win.cc:1020 Failed to read descriptor from node connection: 시스템에 부착된 장치가 작동하지 않습니다. (0x1F)
1월 19, 2021 18:26:34.41 [31468:12468:0119/182634.410:ERROR:device_event_log_impl.cc(211)] [18:26:34.410] USB: usb_device_handle_win.cc:1020 Failed to read descriptor from node connection: 시스템에 부착된 장치가 작동하지 않습니다. (0x1F)
1월 19, 2021 18:36:25.38 [0119/183625.375:ERROR:directory_reader_win.cc(43)] FindFirstFile: 지정된 경로를 찾을 수 없습니다. (0x3)

1월 20, 2021 15:39:06.19 NEW SESSION
1월 20, 2021 15:39:06.19 [12120:29180:0120/153906.189:ERROR:device_event_log_impl.cc(211)] [15:39:06.188] USB: usb_device_handle_win.cc:1020 Failed to read descriptor from node connection: 시스템에 부착된 장치가 작동하지 않습니다. (0x1F)
1월 20, 2021 15:44:06.22 [24832:11460:0120/154406.222:ERROR:device_event_log_impl.cc(211)] [15:44:06.221] USB: usb_device_handle_win.cc:1020 Failed to read descriptor from node connection: 시스템에 부착된 장치가 작동하지 않습니다. (0x1F)
1월 20, 2021 15:44:28.18 [30844:26828:0120/154428.183:ERROR:device_event_log_impl.cc(211)] [15:44:28.184] USB: usb_device_handle_win.cc:1020 Failed to read descriptor from node connection: 시스템에 부착된 장치가 작동하지 않습니다. (0x1F)
1월 20, 2021 15:46:06.07 [27940:21136:0120/154606.075:ERROR:get_updates_processor.cc(256)] PostClientToServerMessage() failed during GetUpdates with error 2
1월 20, 2021 15:46:59.47 [23500:12952:0120/154659.471:ERROR:device_event_log_impl.cc(211)] [15:46:59.470] USB: usb_device_handle_win.cc:1020 Failed to read descriptor from node connection: 시스템에 부착된 장치가 작동하지 않습니다. (0x1F)
1월 20, 2021 15:47:24.10 [10208:17848:0120/154724.107:ERROR:get_updates_processor.cc(256)] PostClientToServerMessage() failed during GetUpdates with error 2
1월 20, 2021 15:47:36.67 [9724:27896:0120/154736.678:ERROR:device_event_log_impl.cc(211)] [15:47:36.678] USB: usb_device_handle_win.cc:1020 Failed to read descriptor from node connection: 시스템에 부착된 장치가 작동하지 않습니다. (0x1F)
1월 20, 2021 15:48:04.23 [28556:29600:0120/154804.229:ERROR:device_event_log_impl.cc(211)] [15:48:04.230] USB: usb_device_handle_win.cc:1020 Failed to read descriptor from node connection: 시스템에 부착된 장치가 작동하지 않습니다. (0x1F)
1월 20, 2021 15:48:27.97 [30908:24948:0120/154827.969:ERROR:device_event_log_impl.cc(211)] [15:48:27.969] USB: usb_device_handle_win.cc:1020 Failed to read descriptor from node connection: 시스템에 부착된 장치가 작동하지 않습니다. (0x1F)
1월 20, 2021 15:49:15.49 [28236:27052:0120/154915.489:ERROR:device_event_log_impl.cc(211)] [15:49:15.489] USB: usb_device_handle_win.cc:1020 Failed to read descriptor from node connection: 시스템에 부착된 장치가 작동하지 않습니다. (0x1F)
1월 20, 2021 15:50:05.02 [12028:27312:0120/155005.028:ERROR:device_event_log_impl.cc(211)] [15:50:05.029] USB: usb_device_handle_win.cc:1020 Failed to read descriptor from node connection: 시스템에 부착된 장치가 작동하지 않습니다. (0x1F)
1월 20, 2021 15:53:47.21 [932:30276:0120/155347.216:ERROR:device_event_log_impl.cc(211)] [15:53:47.216] USB: usb_device_handle_win.cc:1020 Failed to read descriptor from node connection: 시스템에 부착된 장치가 작동하지 않습니다. (0x1F)
1월 20, 2021 15:55:44.47 [20428:14180:0120/155544.473:ERROR:device_event_log_impl.cc(211)] [15:55:44.472] USB: usb_device_handle_win.cc:1020 Failed to read descriptor from node connection: 시스템에 부착된 장치가 작동하지 않습니다. (0x1F)
1월 20, 2021 15:56:03.43 [5936:25964:0120/155603.437:ERROR:device_event_log_impl.cc(211)] [15:56:03.437] USB: usb_device_handle_win.cc:1020 Failed to read descriptor from node connection: 시스템에 부착된 장치가 작동하지 않습니다. (0x1F)
1월 20, 2021 15:56:36.41 [23516:24448:0120/155636.416:ERROR:get_updates_processor.cc(256)] PostClientToServerMessage() failed during GetUpdates with error 2

1월 20, 2021 16:38:43.18 NEW SESSION
1월 20, 2021 16:38:43.18 [20148:20252:0120/163843.175:ERROR:device_event_log_impl.cc(211)] [16:38:43.174] USB: usb_device_handle_win.cc:1020 Failed to read descriptor from node connection: 시스템에 부착된 장치가 작동하지 않습니다. (0x1F)
1월 20, 2021 16:39:33.78 [5000:1128:0120/163933.782:ERROR:device_event_log_impl.cc(211)] [16:39:33.782] USB: usb_device_handle_win.cc:1020 Failed to read descriptor from node connection: 시스템에 부착된 장치가 작동하지 않습니다. (0x1F)
1월 20, 2021 17:03:24.64 [16608:18772:0120/170324.643:ERROR:device_event_log_impl.cc(211)] [17:03:24.644] USB: usb_device_handle_win.cc:1020 Failed to read descriptor from node connection: 시스템에 부착된 장치가 작동하지 않습니다. (0x1F)
1월 20, 2021 17:04:08.70 [9692:18492:0120/170408.703:ERROR:device_event_log_impl.cc(211)] [17:04:08.704] USB: usb_device_handle_win.cc:1020 Failed to read descriptor from node connection: 시스템에 부착된 장치가 작동하지 않습니다. (0x1F)
1월 20, 2021 17:06:03.03 [19020:20080:0120/170603.030:ERROR:device_event_log_impl.cc(211)] [17:06:03.031] USB: usb_device_handle_win.cc:1020 Failed to read descriptor from node connection: 시스템에 부착된 장치가 작동하지 않습니다. (0x1F)

1월 20, 2021 17:21:21.70 NEW SESSION
1월 20, 2021 17:21:21.70 [8644:3020:0120/172121.699:ERROR:device_event_log_impl.cc(211)] [17:21:21.699] USB: usb_device_handle_win.cc:1020 Failed to read descriptor from node connection: 시스템에 부착된 장치가 작동하지 않습니다. (0x1F)
1월 20, 2021 17:58:18.27 [14692:1172:0120/175818.274:ERROR:device_event_log_impl.cc(211)] [17:58:18.274] USB: usb_device_handle_win.cc:1020 Failed to read descriptor from node connection: 시스템에 부착된 장치가 작동하지 않습니다. (0x1F)
1월 20, 2021 17:58:54.84 [11056:19428:0120/175854.840:ERROR:device_event_log_impl.cc(211)] [17:58:54.839] USB: usb_device_handle_win.cc:1020 Failed to read descriptor from node connection: 시스템에 부착된 장치가 작동하지 않습니다. (0x1F)
1월 20, 2021 18:00:53.30 [20396:19092:0120/180053.300:ERROR:device_event_log_impl.cc(211)] [18:00:53.300] USB: usb_device_handle_win.cc:1020 Failed to read descriptor from node connection: 시스템에 부착된 장치가 작동하지 않습니다. (0x1F)
1월 20, 2021 18:10:35.79 [9892:15972:0120/181035.793:ERROR:device_event_log_impl.cc(211)] [18:10:35.793] USB: usb_device_handle_win.cc:1020 Failed to read descriptor from node connection: 시스템에 부착된 장치가 작동하지 않습니다. (0x1F)
1월 20, 2021 18:16:07.43 [10140:2152:0120/181607.437:ERROR:device_event_log_impl.cc(211)] [18:16:07.437] USB: usb_device_handle_win.cc:1020 Failed to read descriptor from node connection: 시스템에 부착된 장치가 작동하지 않습니다. (0x1F)

1월 21, 2021 15:54:17.79 NEW SESSION
1월 21, 2021 15:54:17.79 [14764:17100:0121/155417.792:ERROR:device_event_log_impl.cc(211)] [15:54:17.792] USB: usb_device_handle_win.cc:1020 Failed to read descriptor from node connection: 시스템에 부착된 장치가 작동하지 않습니다. (0x1F)
1월 21, 2021 15:58:48.65 [24052:3644:0121/155848.652:ERROR:device_event_log_impl.cc(211)] [15:58:48.651] USB: usb_device_handle_win.cc:1020 Failed to read descriptor from node connection: 시스템에 부착된 장치가 작동하지 않습니다. (0x1F)
1월 21, 2021 16:08:37.85 [0121/160837.849:ERROR:directory_reader_win.cc(43)] FindFirstFile: 지정된 경로를 찾을 수 없습니다. (0x3)
1월 21, 2021 16:27:46.09 [23384:14852:0121/162746.090:ERROR:device_event_log_impl.cc(211)] [16:27:46.089] USB: usb_device_handle_win.cc:1020 Failed to read descriptor from node connection: 시스템에 부착된 장치가 작동하지 않습니다. (0x1F)
1월 21, 2021 16:46:02.26 [8976:23968:0121/164602.260:ERROR:device_event_log_impl.cc(211)] [16:46:02.260] USB: usb_device_handle_win.cc:1020 Failed to read descriptor from node connection: 시스템에 부착된 장치가 작동하지 않습니다. (0x1F)
1월 21, 2021 16:55:52.43 [0121/165552.435:ERROR:directory_reader_win.cc(43)] FindFirstFile: 지정된 경로를 찾을 수 없습니다. (0x3)
1월 21, 2021 17:09:30.46 [7568:17268:0121/170930.467:ERROR:device_event_log_impl.cc(211)] [17:09:30.467] USB: usb_device_handle_win.cc:1020 Failed to read descriptor from node connection: 시스템에 부착된 장치가 작동하지 않습니다. (0x1F)
1월 21, 2021 17:19:26.62 [0121/171926.614:ERROR:directory_reader_win.cc(43)] FindFirstFile: 지정된 경로를 찾을 수 없습니다. (0x3)
1월 21, 2021 18:19:31.61 [21932:22140:0121/181931.615:ERROR:device_event_log_impl.cc(211)] [18:19:31.615] USB: usb_device_handle_win.cc:1020 Failed to read descriptor from node connection: 시스템에 부착된 장치가 작동하지 않습니다. (0x1F)

1월 22, 2021 16:10:24.09 NEW SESSION
1월 22, 2021 16:10:24.09 [8688:3408:0122/161024.086:ERROR:device_event_log_impl.cc(211)] [16:10:24.086] USB: usb_device_handle_win.cc:1020 Failed to read descriptor from node connection: 시스템에 부착된 장치가 작동하지 않습니다. (0x1F)
1월 22, 2021 16:40:04.72 [11348:16244:0122/164004.725:ERROR:device_event_log_impl.cc(211)] [16:40:04.724] USB: usb_device_handle_win.cc:1020 Failed to read descriptor from node connection: 시스템에 부착된 장치가 작동하지 않습니다. (0x1F)
1월 22, 2021 16:45:01.25 [10748:19848:0122/164501.251:ERROR:device_event_log_impl.cc(211)] [16:45:01.252] USB: usb_device_handle_win.cc:1020 Failed to read descriptor from node connection: 시스템에 부착된 장치가 작동하지 않습니다. (0x1F)
1월 22, 2021 17:06:44.64 [10344:25380:0122/170644.641:ERROR:device_event_log_impl.cc(211)] [17:06:44.640] USB: usb_device_handle_win.cc:1020 Failed to read descriptor from node connection: 시스템에 부착된 장치가 작동하지 않습니다. (0x1F)
1월 22, 2021 17:07:27.89 [20660:5876:0122/170727.896:ERROR:device_event_log_impl.cc(211)] [17:07:27.896] USB: usb_device_handle_win.cc:1020 Failed to read descriptor from node connection: 시스템에 부착된 장치가 작동하지 않습니다. (0x1F)
1월 22, 2021 17:17:41.70 [16952:24780:0122/171741.701:ERROR:device_event_log_impl.cc(211)] [17:17:41.702] USB: usb_device_handle_win.cc:1020 Failed to read descriptor from node connection: 시스템에 부착된 장치가 작동하지 않습니다. (0x1F)

1월 23, 2021 13:10:21.91 NEW SESSION
1월 23, 2021 13:10:21.91 [1560:18780:0123/131021.912:ERROR:device_event_log_impl.cc(211)] [13:10:21.913] USB: usb_device_handle_win.cc:1020 Failed to read descriptor from node connection: 시스템에 부착된 장치가 작동하지 않습니다. (0x1F)

1월 24, 2021 23:58:01.09 NEW SESSION
1월 24, 2021 23:58:01.09 [9844:26476:0124/235801.085:ERROR:device_event_log_impl.cc(211)] [23:58:01.085] USB: usb_device_handle_win.cc:1020 Failed to read descriptor from node connection: 시스템에 부착된 장치가 작동하지 않습니다. (0x1F)
1월 25, 2021 24:07:49.77 [0125/000749.770:ERROR:directory_reader_win.cc(43)] FindFirstFile: 지정된 경로를 찾을 수 없습니다. (0x3)
1월 25, 2021 03:40:12.16 [20056:5744:0125/034012.169:ERROR:device_event_log_impl.cc(211)] [03:40:12.168] USB: usb_device_handle_win.cc:1020 Failed to read descriptor from node connection: 시스템에 부착된 장치가 작동하지 않습니다. (0x1F)
1월 25, 2021 03:50:02.31 [0125/035002.311:ERROR:directory_reader_win.cc(43)] FindFirstFile: 지정된 경로를 찾을 수 없습니다. (0x3)
1월 25, 2021 15:46:45.49 [5248:16356:0125/154645.493:ERROR:device_event_log_impl.cc(211)] [15:46:45.493] USB: usb_device_handle_win.cc:1020 Failed to read descriptor from node connection: 시스템에 부착된 장치가 작동하지 않습니다. (0x1F)
1월 25, 2021 15:58:05.73 [12032:8972:0125/155805.739:ERROR:device_event_log_impl.cc(211)] [15:58:05.740] USB: usb_device_handle_win.cc:1020 Failed to read descriptor from node connection: 시스템에 부착된 장치가 작동하지 않습니다. (0x1F)
1월 25, 2021 15:58:24.31 [10024:26980:0125/155824.315:ERROR:device_event_log_impl.cc(211)] [15:58:24.314] USB: usb_device_handle_win.cc:1020 Failed to read descriptor from node connection: 시스템에 부착된 장치가 작동하지 않습니다. (0x1F)
1월 25, 2021 16:09:58.92 [11792:5496:0125/160958.922:ERROR:device_event_log_impl.cc(211)] [16:09:58.922] USB: usb_device_handle_win.cc:1020 Failed to read descriptor from node connection: 시스템에 부착된 장치가 작동하지 않습니다. (0x1F)
1월 25, 2021 16:19:46.91 [0125/161946.908:ERROR:directory_reader_win.cc(43)] FindFirstFile: 지정된 경로를 찾을 수 없습니다. (0x3)
1월 25, 2021 16:24:35.40 [11484:22924:0125/162435.400:ERROR:device_event_log_impl.cc(211)] [16:24:35.401] USB: usb_device_handle_win.cc:1020 Failed to read descriptor from node connection: 시스템에 부착된 장치가 작동하지 않습니다. (0x1F)
1월 25, 2021 16:26:40.41 [24872:21080:0125/162640.410:ERROR:device_event_log_impl.cc(211)] [16:26:40.411] USB: usb_device_handle_win.cc:1020 Failed to read descriptor from node connection: 시스템에 부착된 장치가 작동하지 않습니다. (0x1F)
1월 25, 2021 16:30:59.82 [17672:9148:0125/163059.820:ERROR:device_event_log_impl.cc(211)] [16:30:59.819] USB: usb_device_handle_win.cc:1020 Failed to read descriptor from node connection: 시스템에 부착된 장치가 작동하지 않습니다. (0x1F)
1월 25, 2021 16:36:09.02 [21420:23312:0125/163609.028:ERROR:device_event_log_impl.cc(211)] [16:36:09.028] USB: usb_device_handle_win.cc:1020 Failed to read descriptor from node connection: 시스템에 부착된 장치가 작동하지 않습니다. (0x1F)
1월 25, 2021 17:03:58.09 [20604:19388:0125/170358.095:ERROR:device_event_log_impl.cc(211)] [17:03:58.095] USB: usb_device_handle_win.cc:1020 Failed to read descriptor from node connection: 시스템에 부착된 장치가 작동하지 않습니다. (0x1F)
1월 25, 2021 17:26:47.95 [18588:20624:0125/172647.954:ERROR:device_event_log_impl.cc(211)] [17:26:47.954] USB: usb_device_handle_win.cc:1020 Failed to read descriptor from node connection: 시스템에 부착된 장치가 작동하지 않습니다. (0x1F)
1월 25, 2021 17:28:54.59 [7432:15380:0125/172854.591:ERROR:device_event_log_impl.cc(211)] [17:28:54.591] USB: usb_device_handle_win.cc:1020 Failed to read descriptor from node connection: 시스템에 부착된 장치가 작동하지 않습니다. (0x1F)
1월 25, 2021 17:29:09.94 [14124:13652:0125/172909.949:ERROR:device_event_log_impl.cc(211)] [17:29:09.949] USB: usb_device_handle_win.cc:1020 Failed to read descriptor from node connection: 시스템에 부착된 장치가 작동하지 않습니다. (0x1F)
1월 25, 2021 17:41:38.91 [26540:8248:0125/174138.911:ERROR:device_event_log_impl.cc(211)] [17:41:38.911] USB: usb_device_handle_win.cc:1020 Failed to read descriptor from node connection: 시스템에 부착된 장치가 작동하지 않습니다. (0x1F)
1월 25, 2021 17:49:33.57 [5340:9844:0125/174933.575:ERROR:device_event_log_impl.cc(211)] [17:49:33.575] USB: usb_device_handle_win.cc:1020 Failed to read descriptor from node connection: 시스템에 부착된 장치가 작동하지 않습니다. (0x1F)
1월 25, 2021 18:00:28.79 [12180:12300:0125/180028.795:ERROR:device_event_log_impl.cc(211)] [18:00:28.795] USB: usb_device_handle_win.cc:1020 Failed to read descriptor from node connection: 시스템에 부착된 장치가 작동하지 않습니다. (0x1F)
1월 25, 2021 18:02:18.94 [23468:13580:0125/180218.944:ERROR:device_event_log_impl.cc(211)] [18:02:18.944] USB: usb_device_handle_win.cc:1020 Failed to read descriptor from node connection: 시스템에 부착된 장치가 작동하지 않습니다. (0x1F)
1월 25, 2021 18:03:04.01 [13024:6260:0125/180304.017:ERROR:device_event_log_impl.cc(211)] [18:03:04.016] USB: usb_device_handle_win.cc:1020 Failed to read descriptor from node connection: 시스템에 부착된 장치가 작동하지 않습니다. (0x1F)
1월 25, 2021 18:04:25.17 [20420:27080:0125/180425.178:ERROR:device_event_log_impl.cc(211)] [18:04:25.178] USB: usb_device_handle_win.cc:1020 Failed to read descriptor from node connection: 시스템에 부착된 장치가 작동하지 않습니다. (0x1F)
1월 25, 2021 18:10:09.53 [1648:27376:0125/181009.530:ERROR:device_event_log_impl.cc(211)] [18:10:09.530] USB: usb_device_handle_win.cc:1020 Failed to read descriptor from node connection: 시스템에 부착된 장치가 작동하지 않습니다. (0x1F)
1월 25, 2021 18:10:27.15 [16672:21044:0125/181027.155:ERROR:device_event_log_impl.cc(211)] [18:10:27.155] USB: usb_device_handle_win.cc:1020 Failed to read descriptor from node connection: 시스템에 부착된 장치가 작동하지 않습니다. (0x1F)
1월 25, 2021 18:11:09.62 [21112:5220:0125/181109.622:ERROR:device_event_log_impl.cc(211)] [18:11:09.621] USB: usb_device_handle_win.cc:1020 Failed to read descriptor from node connection: 시스템에 부착된 장치가 작동하지 않습니다. (0x1F)
1월 25, 2021 18:20:58.53 [0125/182058.530:ERROR:directory_reader_win.cc(43)] FindFirstFile: 지정된 경로를 찾을 수 없습니다. (0x3)

1월 26, 2021 15:58:39.29 NEW SESSION
1월 26, 2021 15:58:39.29 [2680:20580:0126/155839.290:ERROR:device_event_log_impl.cc(211)] [15:58:39.290] USB: usb_device_handle_win.cc:1020 Failed to read descriptor from node connection: 시스템에 부착된 장치가 작동하지 않습니다. (0x1F)
1월 26, 2021 16:05:53.21 [18000:15600:0126/160553.212:ERROR:device_event_log_impl.cc(211)] [16:05:53.212] USB: usb_device_handle_win.cc:1020 Failed to read descriptor from node connection: 시스템에 부착된 장치가 작동하지 않습니다. (0x1F)
1월 26, 2021 16:13:05.44 [16632:20720:0126/161305.443:ERROR:device_event_log_impl.cc(211)] [16:13:05.442] USB: usb_device_handle_win.cc:1020 Failed to read descriptor from node connection: 시스템에 부착된 장치가 작동하지 않습니다. (0x1F)
1월 26, 2021 16:22:54.26 [0126/162254.263:ERROR:directory_reader_win.cc(43)] FindFirstFile: 지정된 경로를 찾을 수 없습니다. (0x3)
1월 26, 2021 16:34:47.41 [17908:14568:0126/163447.414:ERROR:device_event_log_impl.cc(211)] [16:34:47.414] USB: usb_device_handle_win.cc:1020 Failed to read descriptor from node connection: 시스템에 부착된 장치가 작동하지 않습니다. (0x1F)
1월 26, 2021 16:44:44.46 [0126/164444.461:ERROR:directory_reader_win.cc(43)] FindFirstFile: 지정된 경로를 찾을 수 없습니다. (0x3)
1월 26, 2021 17:06:08.79 [27108:23796:0126/170608.797:ERROR:device_event_log_impl.cc(211)] [17:06:08.796] USB: usb_device_handle_win.cc:1020 Failed to read descriptor from node connection: 시스템에 부착된 장치가 작동하지 않습니다. (0x1F)
1월 26, 2021 17:16:02.00 [0126/171602.001:ERROR:directory_reader_win.cc(43)] FindFirstFile: 지정된 경로를 찾을 수 없습니다. (0x3)
1월 26, 2021 17:44:42.06 [21140:26548:0126/174442.064:ERROR:device_event_log_impl.cc(211)] [17:44:42.063] USB: usb_device_handle_win.cc:1020 Failed to read descriptor from node connection: 시스템에 부착된 장치가 작동하지 않습니다. (0x1F)
1월 26, 2021 17:45:12.01 [19496:20376:0126/174512.011:ERROR:device_event_log_impl.cc(211)] [17:45:12.012] USB: usb_device_handle_win.cc:1020 Failed to read descriptor from node connection: 시스템에 부착된 장치가 작동하지 않습니다. (0x1F)
1월 26, 2021 17:46:10.48 [9908:10792:0126/174610.487:ERROR:device_event_log_impl.cc(211)] [17:46:10.487] USB: usb_device_handle_win.cc:1020 Failed to read descriptor from node connection: 시스템에 부착된 장치가 작동하지 않습니다. (0x1F)
1월 26, 2021 17:46:27.73 [20948:14608:0126/174627.737:ERROR:device_event_log_impl.cc(211)] [17:46:27.736] USB: usb_device_handle_win.cc:1020 Failed to read descriptor from node connection: 시스템에 부착된 장치가 작동하지 않습니다. (0x1F)
1월 26, 2021 17:54:46.21 [16624:6360:0126/175446.210:ERROR:device_event_log_impl.cc(211)] [17:54:46.210] USB: usb_device_handle_win.cc:1020 Failed to read descriptor from node connection: 시스템에 부착된 장치가 작동하지 않습니다. (0x1F)
1월 26, 2021 18:03:26.40 [23160:21012:0126/180326.401:ERROR:device_event_log_impl.cc(211)] [18:03:26.400] USB: usb_device_handle_win.cc:1020 Failed to read descriptor from node connection: 시스템에 부착된 장치가 작동하지 않습니다. (0x1F)

1월 26, 2021 22:31:31.89 NEW SESSION
1월 26, 2021 22:31:31.89 [18040:19540:0126/223131.895:ERROR:device_event_log_impl.cc(211)] [22:31:31.895] USB: usb_device_handle_win.cc:1020 Failed to read descriptor from node connection: 시스템에 부착된 장치가 작동하지 않습니다. (0x1F)

1월 26, 2021 22:37:02.37 NEW SESSION
1월 26, 2021 22:37:02.37 [5840:7148:0126/223702.377:ERROR:device_event_log_impl.cc(211)] [22:37:02.378] USB: usb_device_handle_win.cc:1020 Failed to read descriptor from node connection: 시스템에 부착된 장치가 작동하지 않습니다. (0x1F)

1월 26, 2021 22:56:37.96 NEW SESSION
1월 26, 2021 22:56:37.96 [20276:20260:0126/225637.966:ERROR:device_event_log_impl.cc(211)] [22:56:37.967] USB: usb_device_handle_win.cc:1020 Failed to read descriptor from node connection: 시스템에 부착된 장치가 작동하지 않습니다. (0x1F)
1월 26, 2021 22:58:17.88 [19604:20176:0126/225817.887:ERROR:device_event_log_impl.cc(211)] [22:58:17.888] USB: usb_device_handle_win.cc:1020 Failed to read descriptor from node connection: 시스템에 부착된 장치가 작동하지 않습니다. (0x1F)
1월 27, 2021 04:31:09.31 [5024:21096:0127/043109.311:ERROR:device_event_log_impl.cc(211)] [04:31:09.311] USB: usb_device_handle_win.cc:1020 Failed to read descriptor from node connection: 시스템에 부착된 장치가 작동하지 않습니다. (0x1F)
1월 27, 2021 04:31:55.01 [9292:4384:0127/043155.014:ERROR:device_event_log_impl.cc(211)] [04:31:55.014] USB: usb_device_handle_win.cc:1020 Failed to read descriptor from node connection: 시스템에 부착된 장치가 작동하지 않습니다. (0x1F)
1월 27, 2021 04:49:14.29 [21364:4360:0127/044914.296:ERROR:device_event_log_impl.cc(211)] [04:49:14.297] USB: usb_device_handle_win.cc:1020 Failed to read descriptor from node connection: 시스템에 부착된 장치가 작동하지 않습니다. (0x1F)
1월 27, 2021 05:02:47.79 [13476:15684:0127/050247.793:ERROR:device_event_log_impl.cc(211)] [05:02:47.792] USB: usb_device_handle_win.cc:1020 Failed to read descriptor from node connection: 시스템에 부착된 장치가 작동하지 않습니다. (0x1F)
1월 27, 2021 05:10:42.89 [5224:9224:0127/051042.891:ERROR:device_event_log_impl.cc(211)] [05:10:42.891] USB: usb_device_handle_win.cc:1020 Failed to read descriptor from node connection: 시스템에 부착된 장치가 작동하지 않습니다. (0x1F)
1월 27, 2021 05:11:48.13 [14004:6872:0127/051148.134:ERROR:device_event_log_impl.cc(211)] [05:11:48.134] USB: usb_device_handle_win.cc:1020 Failed to read descriptor from node connection: 시스템에 부착된 장치가 작동하지 않습니다. (0x1F)
1월 27, 2021 06:16:06.56 [21244:20400:0127/061606.562:ERROR:device_event_log_impl.cc(211)] [06:16:06.562] USB: usb_device_handle_win.cc:1020 Failed to read descriptor from node connection: 시스템에 부착된 장치가 작동하지 않습니다. (0x1F)

1월 27, 2021 15:44:28.77 NEW SESSION
1월 27, 2021 15:44:28.77 [20884:13072:0127/154428.769:ERROR:device_event_log_impl.cc(211)] [15:44:28.769] USB: usb_device_handle_win.cc:1020 Failed to read descriptor from node connection: 시스템에 부착된 장치가 작동하지 않습니다. (0x1F)
1월 27, 2021 15:53:29.48 [20832:3684:0127/155329.488:ERROR:device_event_log_impl.cc(211)] [15:53:29.488] USB: usb_device_handle_win.cc:1020 Failed to read descriptor from node connection: 시스템에 부착된 장치가 작동하지 않습니다. (0x1F)
1월 27, 2021 15:58:35.10 [18492:14048:0127/155835.105:ERROR:device_event_log_impl.cc(211)] [15:58:35.104] USB: usb_device_handle_win.cc:1020 Failed to read descriptor from node connection: 시스템에 부착된 장치가 작동하지 않습니다. (0x1F)
1월 27, 2021 16:02:51.54 [17272:11532:0127/160251.542:ERROR:device_event_log_impl.cc(211)] [16:02:51.542] USB: usb_device_handle_win.cc:1020 Failed to read descriptor from node connection: 시스템에 부착된 장치가 작동하지 않습니다. (0x1F)
1월 27, 2021 16:44:34.94 [10456:2388:0127/164434.945:ERROR:device_event_log_impl.cc(211)] [16:44:34.945] USB: usb_device_handle_win.cc:1020 Failed to read descriptor from node connection: 시스템에 부착된 장치가 작동하지 않습니다. (0x1F)
1월 27, 2021 16:56:28.16 [7408:19128:0127/165628.168:ERROR:device_event_log_impl.cc(211)] [16:56:28.167] USB: usb_device_handle_win.cc:1020 Failed to read descriptor from node connection: 시스템에 부착된 장치가 작동하지 않습니다. (0x1F)
1월 27, 2021 17:03:00.46 [22488:9500:0127/170300.459:ERROR:device_event_log_impl.cc(211)] [17:03:00.459] USB: usb_device_handle_win.cc:1020 Failed to read descriptor from node connection: 시스템에 부착된 장치가 작동하지 않습니다. (0x1F)
1월 27, 2021 17:04:49.08 [14224:3760:0127/170449.089:ERROR:device_event_log_impl.cc(211)] [17:04:49.089] USB: usb_device_handle_win.cc:1020 Failed to read descriptor from node connection: 시스템에 부착된 장치가 작동하지 않습니다. (0x1F)
1월 27, 2021 17:07:25.12 [1168:10624:0127/170725.124:ERROR:device_event_log_impl.cc(211)] [17:07:25.124] USB: usb_device_handle_win.cc:1020 Failed to read descriptor from node connection: 시스템에 부착된 장치가 작동하지 않습니다. (0x1F)
1월 27, 2021 17:08:21.46 [11812:2928:0127/170821.461:ERROR:device_event_log_impl.cc(211)] [17:08:21.461] USB: usb_device_handle_win.cc:1020 Failed to read descriptor from node connection: 시스템에 부착된 장치가 작동하지 않습니다. (0x1F)
1월 27, 2021 17:42:40.05 [18820:18972:0127/174240.055:ERROR:device_event_log_impl.cc(211)] [17:42:40.054] USB: usb_device_handle_win.cc:1020 Failed to read descriptor from node connection: 시스템에 부착된 장치가 작동하지 않습니다. (0x1F)
1월 27, 2021 17:54:44.18 [22308:16064:0127/175444.188:ERROR:device_event_log_impl.cc(211)] [17:54:44.187] USB: usb_device_handle_win.cc:1020 Failed to read descriptor from node connection: 시스템에 부착된 장치가 작동하지 않습니다. (0x1F)
1월 27, 2021 17:55:55.44 [14048:22336:0127/175555.441:ERROR:device_event_log_impl.cc(211)] [17:55:55.441] USB: usb_device_handle_win.cc:1020 Failed to read descriptor from node connection: 시스템에 부착된 장치가 작동하지 않습니다. (0x1F)
1월 27, 2021 17:56:37.34 [6892:3724:0127/175637.340:ERROR:device_event_log_impl.cc(211)] [17:56:37.339] USB: usb_device_handle_win.cc:1020 Failed to read descriptor from node connection: 시스템에 부착된 장치가 작동하지 않습니다. (0x1F)
1월 27, 2021 17:56:56.28 [19000:1532:0127/175656.289:ERROR:device_event_log_impl.cc(211)] [17:56:56.289] USB: usb_device_handle_win.cc:1020 Failed to read descriptor from node connection: 시스템에 부착된 장치가 작동하지 않습니다. (0x1F)
1월 27, 2021 17:59:18.39 [5048:10808:0127/175918.392:ERROR:device_event_log_impl.cc(211)] [17:59:18.393] USB: usb_device_handle_win.cc:1020 Failed to read descriptor from node connection: 시스템에 부착된 장치가 작동하지 않습니다. (0x1F)
1월 27, 2021 18:11:04.74 [10348:20524:0127/181104.743:ERROR:device_event_log_impl.cc(211)] [18:11:04.743] USB: usb_device_handle_win.cc:1020 Failed to read descriptor from node connection: 시스템에 부착된 장치가 작동하지 않습니다. (0x1F)
1월 27, 2021 18:12:17.13 [16480:20564:0127/181217.134:ERROR:device_event_log_impl.cc(211)] [18:12:17.134] USB: usb_device_handle_win.cc:1020 Failed to read descriptor from node connection: 시스템에 부착된 장치가 작동하지 않습니다. (0x1F)
1월 27, 2021 18:12:52.72 [19256:2524:0127/181252.725:ERROR:device_event_log_impl.cc(211)] [18:12:52.724] USB: usb_device_handle_win.cc:1020 Failed to read descriptor from node connection: 시스템에 부착된 장치가 작동하지 않습니다. (0x1F)
1월 27, 2021 18:14:33.10 [3492:3880:0127/181433.103:ERROR:device_event_log_impl.cc(211)] [18:14:33.103] USB: usb_device_handle_win.cc:1020 Failed to read descriptor from node connection: 시스템에 부착된 장치가 작동하지 않습니다. (0x1F)
1월 27, 2021 18:17:08.93 [12420:3688:0127/181708.937:ERROR:device_event_log_impl.cc(211)] [18:17:08.936] USB: usb_device_handle_win.cc:1020 Failed to read descriptor from node connection: 시스템에 부착된 장치가 작동하지 않습니다. (0x1F)
1월 27, 2021 18:18:17.42 [8260:19820:0127/181817.428:ERROR:device_event_log_impl.cc(211)] [18:18:17.428] USB: usb_device_handle_win.cc:1020 Failed to read descriptor from node connection: 시스템에 부착된 장치가 작동하지 않습니다. (0x1F)
1월 27, 2021 18:18:45.03 [13032:19580:0127/181845.035:ERROR:device_event_log_impl.cc(211)] [18:18:45.035] USB: usb_device_handle_win.cc:1020 Failed to read descriptor from node connection: 시스템에 부착된 장치가 작동하지 않습니다. (0x1F)
1월 27, 2021 18:21:43.23 [5284:22328:0127/182143.236:ERROR:device_event_log_impl.cc(211)] [18:21:43.236] USB: usb_device_handle_win.cc:1020 Failed to read descriptor from node connection: 시스템에 부착된 장치가 작동하지 않습니다. (0x1F)
1월 27, 2021 18:24:49.52 [21964:5092:0127/182449.519:ERROR:device_event_log_impl.cc(211)] [18:24:49.519] USB: usb_device_handle_win.cc:1020 Failed to read descriptor from node connection: 시스템에 부착된 장치가 작동하지 않습니다. (0x1F)

1월 28, 2021 16:53:06.81 NEW SESSION
1월 28, 2021 16:53:06.81 [9580:16588:0128/165306.815:ERROR:device_event_log_impl.cc(211)] [16:53:06.815] USB: usb_device_handle_win.cc:1020 Failed to read descriptor from node connection: 시스템에 부착된 장치가 작동하지 않습니다. (0x1F)
1월 28, 2021 17:14:35.21 [19260:19424:0128/171435.216:ERROR:device_event_log_impl.cc(211)] [17:14:35.216] USB: usb_device_handle_win.cc:1020 Failed to read descriptor from node connection: 시스템에 부착된 장치가 작동하지 않습니다. (0x1F)
1월 28, 2021 17:16:12.61 [1552:2300:0128/171612.616:ERROR:device_event_log_impl.cc(211)] [17:16:12.615] USB: usb_device_handle_win.cc:1020 Failed to read descriptor from node connection: 시스템에 부착된 장치가 작동하지 않습니다. (0x1F)
1월 28, 2021 17:21:24.83 [10940:9988:0128/172124.833:ERROR:device_event_log_impl.cc(211)] [17:21:24.833] USB: usb_device_handle_win.cc:1020 Failed to read descriptor from node connection: 시스템에 부착된 장치가 작동하지 않습니다. (0x1F)
1월 28, 2021 17:52:08.14 [9288:18060:0128/175208.139:ERROR:device_event_log_impl.cc(211)] [17:52:08.139] USB: usb_device_handle_win.cc:1020 Failed to read descriptor from node connection: 시스템에 부착된 장치가 작동하지 않습니다. (0x1F)
1월 28, 2021 18:07:28.41 [12668:12860:0128/180728.417:ERROR:device_event_log_impl.cc(211)] [18:07:28.418] USB: usb_device_handle_win.cc:1020 Failed to read descriptor from node connection: 시스템에 부착된 장치가 작동하지 않습니다. (0x1F)
1월 28, 2021 18:21:54.43 [19352:8816:0128/182154.430:ERROR:device_event_log_impl.cc(211)] [18:21:54.430] USB: usb_device_handle_win.cc:1020 Failed to read descriptor from node connection: 시스템에 부착된 장치가 작동하지 않습니다. (0x1F)

1월 29, 2021 07:44:00.94 NEW SESSION
1월 29, 2021 07:44:00.94 [11172:17200:0129/074400.939:ERROR:device_event_log_impl.cc(211)] [07:44:00.939] USB: usb_device_handle_win.cc:1020 Failed to read descriptor from node connection: 시스템에 부착된 장치가 작동하지 않습니다. (0x1F)
1월 29, 2021 07:44:37.23 [8676:13740:0129/074437.236:ERROR:device_event_log_impl.cc(211)] [07:44:37.236] USB: usb_device_handle_win.cc:1020 Failed to read descriptor from node connection: 시스템에 부착된 장치가 작동하지 않습니다. (0x1F)
1월 29, 2021 07:45:19.63 [18164:10136:0129/074519.635:ERROR:device_event_log_impl.cc(211)] [07:45:19.635] USB: usb_device_handle_win.cc:1020 Failed to read descriptor from node connection: 시스템에 부착된 장치가 작동하지 않습니다. (0x1F)
1월 29, 2021 07:50:20.27 [21700:19972:0129/075020.278:ERROR:device_event_log_impl.cc(211)] [07:50:20.278] USB: usb_device_handle_win.cc:1020 Failed to read descriptor from node connection: 시스템에 부착된 장치가 작동하지 않습니다. (0x1F)
1월 29, 2021 07:56:07.60 [11008:11720:0129/075607.603:ERROR:device_event_log_impl.cc(211)] [07:56:07.602] USB: usb_device_handle_win.cc:1020 Failed to read descriptor from node connection: 시스템에 부착된 장치가 작동하지 않습니다. (0x1F)
1월 29, 2021 16:22:40.48 [3512:19256:0129/162240.481:ERROR:device_event_log_impl.cc(211)] [16:22:40.481] USB: usb_device_handle_win.cc:1049 Failed to read descriptor from node connection: 시스템에 부착된 장치가 작동하지 않습니다. (0x1F)
1월 29, 2021 16:23:01.31 [11664:19236:0129/162301.318:ERROR:device_event_log_impl.cc(211)] [16:23:01.317] USB: usb_device_handle_win.cc:1049 Failed to read descriptor from node connection: 시스템에 부착된 장치가 작동하지 않습니다. (0x1F)
1월 29, 2021 16:25:32.62 [23188:5304:0129/162532.624:ERROR:device_event_log_impl.cc(211)] [16:25:32.625] USB: usb_device_handle_win.cc:1049 Failed to read descriptor from node connection: 시스템에 부착된 장치가 작동하지 않습니다. (0x1F)
1월 29, 2021 16:45:27.38 [20596:23388:0129/164527.388:ERROR:device_event_log_impl.cc(211)] [16:45:27.388] USB: usb_device_handle_win.cc:1049 Failed to read descriptor from node connection: 시스템에 부착된 장치가 작동하지 않습니다. (0x1F)
1월 29, 2021 16:47:06.52 [20544:18224:0129/164706.525:ERROR:device_event_log_impl.cc(211)] [16:47:06.526] USB: usb_device_handle_win.cc:1049 Failed to read descriptor from node connection: 시스템에 부착된 장치가 작동하지 않습니다. (0x1F)
1월 29, 2021 16:51:23.30 [23000:25104:0129/165123.305:ERROR:device_event_log_impl.cc(211)] [16:51:23.306] USB: usb_device_handle_win.cc:1049 Failed to read descriptor from node connection: 시스템에 부착된 장치가 작동하지 않습니다. (0x1F)
1월 29, 2021 16:52:30.58 [10932:22072:0129/165230.581:ERROR:device_event_log_impl.cc(211)] [16:52:30.582] USB: usb_device_handle_win.cc:1049 Failed to read descriptor from node connection: 시스템에 부착된 장치가 작동하지 않습니다. (0x1F)
1월 29, 2021 16:52:55.28 [24432:24452:0129/165255.280:ERROR:device_event_log_impl.cc(211)] [16:52:55.280] USB: usb_device_handle_win.cc:1049 Failed to read descriptor from node connection: 시스템에 부착된 장치가 작동하지 않습니다. (0x1F)
1월 29, 2021 16:56:43.84 [9412:24204:0129/165643.841:ERROR:device_event_log_impl.cc(211)] [16:56:43.841] USB: usb_device_handle_win.cc:1049 Failed to read descriptor from node connection: 시스템에 부착된 장치가 작동하지 않습니다. (0x1F)
1월 29, 2021 16:59:23.69 [12508:8472:0129/165923.690:ERROR:device_event_log_impl.cc(211)] [16:59:23.690] USB: usb_device_handle_win.cc:1049 Failed to read descriptor from node connection: 시스템에 부착된 장치가 작동하지 않습니다. (0x1F)
1월 29, 2021 17:08:06.11 [25268:21304:0129/170806.109:ERROR:device_event_log_impl.cc(211)] [17:08:06.109] USB: usb_device_handle_win.cc:1049 Failed to read descriptor from node connection: 시스템에 부착된 장치가 작동하지 않습니다. (0x1F)
1월 29, 2021 17:12:29.24 [25020:25244:0129/171229.245:ERROR:device_event_log_impl.cc(211)] [17:12:29.245] USB: usb_device_handle_win.cc:1049 Failed to read descriptor from node connection: 시스템에 부착된 장치가 작동하지 않습니다. (0x1F)
1월 29, 2021 17:22:26.19 [25544:21420:0129/172226.192:ERROR:device_event_log_impl.cc(211)] [17:22:26.192] USB: usb_device_handle_win.cc:1049 Failed to read descriptor from node connection: 시스템에 부착된 장치가 작동하지 않습니다. (0x1F)
1월 29, 2021 17:23:01.67 [4912:23720:0129/172301.671:ERROR:device_event_log_impl.cc(211)] [17:23:01.670] USB: usb_device_handle_win.cc:1049 Failed to read descriptor from node connection: 시스템에 부착된 장치가 작동하지 않습니다. (0x1F)
1월 29, 2021 17:39:49.94 [21380:13020:0129/173949.941:ERROR:device_event_log_impl.cc(211)] [17:39:49.941] USB: usb_device_handle_win.cc:1049 Failed to read descriptor from node connection: 시스템에 부착된 장치가 작동하지 않습니다. (0x1F)
1월 29, 2021 17:50:51.64 [19612:2044:0129/175051.645:ERROR:device_event_log_impl.cc(211)] [17:50:51.645] USB: usb_device_handle_win.cc:1049 Failed to read descriptor from node connection: 시스템에 부착된 장치가 작동하지 않습니다. (0x1F)
1월 29, 2021 17:57:39.84 [24108:22748:0129/175739.840:ERROR:device_event_log_impl.cc(211)] [17:57:39.840] USB: usb_device_handle_win.cc:1049 Failed to read descriptor from node connection: 시스템에 부착된 장치가 작동하지 않습니다. (0x1F)
1월 29, 2021 17:58:31.10 [18768:15908:0129/175831.108:ERROR:device_event_log_impl.cc(211)] [17:58:31.108] USB: usb_device_handle_win.cc:1049 Failed to read descriptor from node connection: 시스템에 부착된 장치가 작동하지 않습니다. (0x1F)
1월 29, 2021 18:03:35.41 [17208:16904:0129/180335.411:ERROR:device_event_log_impl.cc(211)] [18:03:35.411] USB: usb_device_handle_win.cc:1049 Failed to read descriptor from node connection: 시스템에 부착된 장치가 작동하지 않습니다. (0x1F)
1월 29, 2021 18:06:08.45 [21904:22832:0129/180608.453:ERROR:device_event_log_impl.cc(211)] [18:06:08.453] USB: usb_device_handle_win.cc:1049 Failed to read descriptor from node connection: 시스템에 부착된 장치가 작동하지 않습니다. (0x1F)
1월 29, 2021 18:18:46.70 [22672:21432:0129/181846.707:ERROR:device_event_log_impl.cc(211)] [18:18:46.707] USB: usb_device_handle_win.cc:1049 Failed to read descriptor from node connection: 시스템에 부착된 장치가 작동하지 않습니다. (0x1F)
1월 29, 2021 18:23:22.26 [3056:24928:0129/182322.269:ERROR:device_event_log_impl.cc(211)] [18:23:22.268] USB: usb_device_handle_win.cc:1049 Failed to read descriptor from node connection: 시스템에 부착된 장치가 작동하지 않습니다. (0x1F)

1월 30, 2021 19:49:16.67 NEW SESSION
1월 30, 2021 19:49:16.67 [21804:22900:0130/194916.675:ERROR:device_event_log_impl.cc(211)] [19:49:16.675] USB: usb_device_handle_win.cc:1049 Failed to read descriptor from node connection: 시스템에 부착된 장치가 작동하지 않습니다. (0x1F)
1월 30, 2021 19:50:15.57 [14540:24116:0130/195015.575:ERROR:device_event_log_impl.cc(211)] [19:50:15.575] USB: usb_device_handle_win.cc:1049 Failed to read descriptor from node connection: 시스템에 부착된 장치가 작동하지 않습니다. (0x1F)
1월 30, 2021 19:50:39.53 [26900:10644:0130/195039.533:ERROR:device_event_log_impl.cc(211)] [19:50:39.533] USB: usb_device_handle_win.cc:1049 Failed to read descriptor from node connection: 시스템에 부착된 장치가 작동하지 않습니다. (0x1F)
1월 30, 2021 22:32:39.80 [23896:15384:0130/223239.807:ERROR:device_event_log_impl.cc(211)] [22:32:39.807] USB: usb_device_handle_win.cc:1049 Failed to read descriptor from node connection: 시스템에 부착된 장치가 작동하지 않습니다. (0x1F)
1월 30, 2021 22:33:59.52 [23116:23012:0130/223359.522:ERROR:device_event_log_impl.cc(211)] [22:33:59.522] USB: usb_device_handle_win.cc:1049 Failed to read descriptor from node connection: 시스템에 부착된 장치가 작동하지 않습니다. (0x1F)
1월 30, 2021 22:46:25.96 [25012:26840:0130/224625.959:ERROR:device_event_log_impl.cc(211)] [22:46:25.959] USB: usb_device_handle_win.cc:1049 Failed to read descriptor from node connection: 시스템에 부착된 장치가 작동하지 않습니다. (0x1F)
1월 31, 2021 19:48:32.35 [26068:26556:0131/194832.358:ERROR:device_event_log_impl.cc(211)] [19:48:32.358] USB: usb_device_handle_win.cc:1049 Failed to read descriptor from node connection: 시스템에 부착된 장치가 작동하지 않습니다. (0x1F)
1월 31, 2021 19:56:47.76 [12408:7560:0131/195647.763:ERROR:device_event_log_impl.cc(211)] [19:56:47.763] USB: usb_device_handle_win.cc:1049 Failed to read descriptor from node connection: 시스템에 부착된 장치가 작동하지 않습니다. (0x1F)
1월 31, 2021 20:21:07.33 [13548:20708:0131/202107.333:ERROR:device_event_log_impl.cc(211)] [20:21:07.333] USB: usb_device_handle_win.cc:1049 Failed to read descriptor from node connection: 시스템에 부착된 장치가 작동하지 않습니다. (0x1F)
1월 31, 2021 20:22:03.17 [23324:27780:0131/202203.172:ERROR:device_event_log_impl.cc(211)] [20:22:03.172] USB: usb_device_handle_win.cc:1049 Failed to read descriptor from node connection: 시스템에 부착된 장치가 작동하지 않습니다. (0x1F)
1월 31, 2021 20:24:53.65 [26060:9744:0131/202453.655:ERROR:device_event_log_impl.cc(211)] [20:24:53.654] USB: usb_device_handle_win.cc:1049 Failed to read descriptor from node connection: 시스템에 부착된 장치가 작동하지 않습니다. (0x1F)
1월 31, 2021 20:30:39.24 [24260:15384:0131/203039.244:ERROR:device_event_log_impl.cc(211)] [20:30:39.244] USB: usb_device_handle_win.cc:1049 Failed to read descriptor from node connection: 시스템에 부착된 장치가 작동하지 않습니다. (0x1F)
1월 31, 2021 20:36:32.03 [23712:25396:0131/203632.029:ERROR:device_event_log_impl.cc(211)] [20:36:32.029] USB: usb_device_handle_win.cc:1049 Failed to read descriptor from node connection: 시스템에 부착된 장치가 작동하지 않습니다. (0x1F)

2월 02, 2021 06:33:01.06 NEW SESSION
2월 02, 2021 06:33:01.06 [14788:16660:0202/063301.065:ERROR:device_event_log_impl.cc(211)] [06:33:01.064] USB: usb_device_handle_win.cc:1049 Failed to read descriptor from node connection: 시스템에 부착된 장치가 작동하지 않습니다. (0x1F)
2월 02, 2021 06:33:41.33 [28400:14380:0202/063341.332:ERROR:device_event_log_impl.cc(211)] [06:33:41.332] USB: usb_device_handle_win.cc:1049 Failed to read descriptor from node connection: 시스템에 부착된 장치가 작동하지 않습니다. (0x1F)
2월 02, 2021 06:37:32.66 [27820:27916:0202/063732.664:ERROR:device_event_log_impl.cc(211)] [06:37:32.663] USB: usb_device_handle_win.cc:1049 Failed to read descriptor from node connection: 시스템에 부착된 장치가 작동하지 않습니다. (0x1F)
2월 02, 2021 06:41:52.16 [19408:22372:0202/064152.159:ERROR:device_event_log_impl.cc(211)] [06:41:52.160] USB: usb_device_handle_win.cc:1049 Failed to read descriptor from node connection: 시스템에 부착된 장치가 작동하지 않습니다. (0x1F)
2월 02, 2021 06:42:32.09 [28148:11688:0202/064232.099:ERROR:device_event_log_impl.cc(211)] [06:42:32.100] USB: usb_device_handle_win.cc:1049 Failed to read descriptor from node connection: 시스템에 부착된 장치가 작동하지 않습니다. (0x1F)
2월 02, 2021 06:44:37.55 [15164:11084:0202/064437.549:ERROR:device_event_log_impl.cc(211)] [06:44:37.549] USB: usb_device_handle_win.cc:1049 Failed to read descriptor from node connection: 시스템에 부착된 장치가 작동하지 않습니다. (0x1F)
2월 02, 2021 06:49:47.76 [23020:17996:0202/064947.768:ERROR:device_event_log_impl.cc(211)] [06:49:47.769] USB: usb_device_handle_win.cc:1049 Failed to read descriptor from node connection: 시스템에 부착된 장치가 작동하지 않습니다. (0x1F)
2월 02, 2021 06:51:56.31 [15080:5216:0202/065156.313:ERROR:device_event_log_impl.cc(211)] [06:51:56.313] USB: usb_device_handle_win.cc:1049 Failed to read descriptor from node connection: 시스템에 부착된 장치가 작동하지 않습니다. (0x1F)
2월 02, 2021 06:54:43.05 [22664:25668:0202/065443.057:ERROR:device_event_log_impl.cc(211)] [06:54:43.058] USB: usb_device_handle_win.cc:1049 Failed to read descriptor from node connection: 시스템에 부착된 장치가 작동하지 않습니다. (0x1F)
2월 02, 2021 07:08:03.85 [28804:24172:0202/070803.851:ERROR:device_event_log_impl.cc(211)] [07:08:03.851] USB: usb_device_handle_win.cc:1049 Failed to read descriptor from node connection: 시스템에 부착된 장치가 작동하지 않습니다. (0x1F)
2월 02, 2021 07:08:47.80 [10732:18872:0202/070847.804:ERROR:device_event_log_impl.cc(211)] [07:08:47.805] USB: usb_device_handle_win.cc:1049 Failed to read descriptor from node connection: 시스템에 부착된 장치가 작동하지 않습니다. (0x1F)
2월 02, 2021 07:13:38.37 [24180:27788:0202/071338.371:ERROR:device_event_log_impl.cc(211)] [07:13:38.372] USB: usb_device_handle_win.cc:1049 Failed to read descriptor from node connection: 시스템에 부착된 장치가 작동하지 않습니다. (0x1F)
2월 02, 2021 07:14:05.06 [1528:26020:0202/071405.060:ERROR:device_event_log_impl.cc(211)] [07:14:05.060] USB: usb_device_handle_win.cc:1049 Failed to read descriptor from node connection: 시스템에 부착된 장치가 작동하지 않습니다. (0x1F)
2월 02, 2021 07:16:27.02 [17288:28024:0202/071627.026:ERROR:device_event_log_impl.cc(211)] [07:16:27.026] USB: usb_device_handle_win.cc:1049 Failed to read descriptor from node connection: 시스템에 부착된 장치가 작동하지 않습니다. (0x1F)
2월 02, 2021 07:19:10.95 [5996:29220:0202/071910.953:ERROR:device_event_log_impl.cc(211)] [07:19:10.954] USB: usb_device_handle_win.cc:1049 Failed to read descriptor from node connection: 시스템에 부착된 장치가 작동하지 않습니다. (0x1F)
2월 02, 2021 07:19:56.86 [5092:29676:0202/071956.859:ERROR:device_event_log_impl.cc(211)] [07:19:56.860] USB: usb_device_handle_win.cc:1049 Failed to read descriptor from node connection: 시스템에 부착된 장치가 작동하지 않습니다. (0x1F)
2월 02, 2021 07:22:04.16 [28112:724:0202/072204.163:ERROR:device_event_log_impl.cc(211)] [07:22:04.163] USB: usb_device_handle_win.cc:1049 Failed to read descriptor from node connection: 시스템에 부착된 장치가 작동하지 않습니다. (0x1F)
2월 02, 2021 07:31:21.78 [12140:25240:0202/073121.786:ERROR:device_event_log_impl.cc(211)] [07:31:21.786] USB: usb_device_handle_win.cc:1049 Failed to read descriptor from node connection: 시스템에 부착된 장치가 작동하지 않습니다. (0x1F)
2월 02, 2021 07:32:06.47 [29540:8124:0202/073206.475:ERROR:device_event_log_impl.cc(211)] [07:32:06.475] USB: usb_device_handle_win.cc:1049 Failed to read descriptor from node connection: 시스템에 부착된 장치가 작동하지 않습니다. (0x1F)
2월 02, 2021 07:38:12.87 [19352:10548:0202/073812.875:ERROR:device_event_log_impl.cc(211)] [07:38:12.876] USB: usb_device_handle_win.cc:1049 Failed to read descriptor from node connection: 시스템에 부착된 장치가 작동하지 않습니다. (0x1F)
2월 02, 2021 07:41:12.90 [26152:13220:0202/074112.901:ERROR:device_event_log_impl.cc(211)] [07:41:12.901] USB: usb_device_handle_win.cc:1049 Failed to read descriptor from node connection: 시스템에 부착된 장치가 작동하지 않습니다. (0x1F)
2월 02, 2021 07:42:03.74 [27176:20628:0202/074203.744:ERROR:device_event_log_impl.cc(211)] [07:42:03.743] USB: usb_device_handle_win.cc:1049 Failed to read descriptor from node connection: 시스템에 부착된 장치가 작동하지 않습니다. (0x1F)
2월 02, 2021 07:42:56.45 [25216:27788:0202/074256.451:ERROR:device_event_log_impl.cc(211)] [07:42:56.451] USB: usb_device_handle_win.cc:1049 Failed to read descriptor from node connection: 시스템에 부착된 장치가 작동하지 않습니다. (0x1F)
2월 02, 2021 10:32:07.31 [14280:24956:0202/103207.315:ERROR:device_event_log_impl.cc(211)] [10:32:07.316] USB: usb_device_handle_win.cc:1049 Failed to read descriptor from node connection: 시스템에 부착된 장치가 작동하지 않습니다. (0x1F)
2월 02, 2021 10:37:25.02 [14776:26568:0202/103725.028:ERROR:device_event_log_impl.cc(211)] [10:37:25.028] USB: usb_device_handle_win.cc:1049 Failed to read descriptor from node connection: 시스템에 부착된 장치가 작동하지 않습니다. (0x1F)
2월 02, 2021 10:38:12.88 [19092:28840:0202/103812.882:ERROR:device_event_log_impl.cc(211)] [10:38:12.882] USB: usb_device_handle_win.cc:1049 Failed to read descriptor from node connection: 시스템에 부착된 장치가 작동하지 않습니다. (0x1F)
2월 02, 2021 10:39:31.50 [25172:14524:0202/103931.505:ERROR:device_event_log_impl.cc(211)] [10:39:31.506] USB: usb_device_handle_win.cc:1049 Failed to read descriptor from node connection: 시스템에 부착된 장치가 작동하지 않습니다. (0x1F)
2월 02, 2021 10:51:07.86 [25476:17484:0202/105107.868:ERROR:device_event_log_impl.cc(211)] [10:51:07.868] USB: usb_device_handle_win.cc:1049 Failed to read descriptor from node connection: 시스템에 부착된 장치가 작동하지 않습니다. (0x1F)
2월 02, 2021 10:52:02.15 [23852:20116:0202/105202.152:ERROR:device_event_log_impl.cc(211)] [10:52:02.152] USB: usb_device_handle_win.cc:1049 Failed to read descriptor from node connection: 시스템에 부착된 장치가 작동하지 않습니다. (0x1F)
2월 02, 2021 11:00:09.00 [29164:14476:0202/110009.009:ERROR:device_event_log_impl.cc(211)] [11:00:09.009] USB: usb_device_handle_win.cc:1049 Failed to read descriptor from node connection: 시스템에 부착된 장치가 작동하지 않습니다. (0x1F)

2월 03, 2021 11:05:41.31 NEW SESSION
2월 03, 2021 11:05:41.31 [18952:16408:0203/110541.301:ERROR:device_event_log_impl.cc(211)] [11:05:41.301] USB: usb_device_handle_win.cc:1049 Failed to read descriptor from node connection: 시스템에 부착된 장치가 작동하지 않습니다. (0x1F)
2월 03, 2021 12:35:23.41 [26320:17524:0203/123523.415:ERROR:device_event_log_impl.cc(211)] [12:35:23.415] USB: usb_device_handle_win.cc:1049 Failed to read descriptor from node connection: 시스템에 부착된 장치가 작동하지 않습니다. (0x1F)
2월 03, 2021 12:37:33.98 [24328:27412:0203/123733.980:ERROR:device_event_log_impl.cc(211)] [12:37:33.980] USB: usb_device_handle_win.cc:1049 Failed to read descriptor from node connection: 시스템에 부착된 장치가 작동하지 않습니다. (0x1F)
2월 03, 2021 12:48:00.00 [7580:17292:0203/124800.008:ERROR:device_event_log_impl.cc(211)] [12:48:00.008] USB: usb_device_handle_win.cc:1049 Failed to read descriptor from node connection: 시스템에 부착된 장치가 작동하지 않습니다. (0x1F)
2월 03, 2021 14:41:12.08 [22604:28856:0203/144112.080:ERROR:device_event_log_impl.cc(211)] [14:41:12.079] USB: usb_device_handle_win.cc:1049 Failed to read descriptor from node connection: 시스템에 부착된 장치가 작동하지 않습니다. (0x1F)
2월 03, 2021 14:42:41.07 [16680:24420:0203/144241.069:ERROR:device_event_log_impl.cc(211)] [14:42:41.070] USB: usb_device_handle_win.cc:1049 Failed to read descriptor from node connection: 시스템에 부착된 장치가 작동하지 않습니다. (0x1F)
2월 03, 2021 14:50:17.11 [27392:9948:0203/145017.113:ERROR:device_event_log_impl.cc(211)] [14:50:17.113] USB: usb_device_handle_win.cc:1049 Failed to read descriptor from node connection: 시스템에 부착된 장치가 작동하지 않습니다. (0x1F)
2월 03, 2021 14:50:44.38 [20548:20868:0203/145044.383:ERROR:device_event_log_impl.cc(211)] [14:50:44.383] USB: usb_device_handle_win.cc:1049 Failed to read descriptor from node connection: 시스템에 부착된 장치가 작동하지 않습니다. (0x1F)
2월 03, 2021 14:51:29.65 [3768:26252:0203/145129.657:ERROR:device_event_log_impl.cc(211)] [14:51:29.657] USB: usb_device_handle_win.cc:1049 Failed to read descriptor from node connection: 시스템에 부착된 장치가 작동하지 않습니다. (0x1F)
2월 03, 2021 14:53:50.93 [28084:14788:0203/145350.933:ERROR:device_event_log_impl.cc(211)] [14:53:50.933] USB: usb_device_handle_win.cc:1049 Failed to read descriptor from node connection: 시스템에 부착된 장치가 작동하지 않습니다. (0x1F)
2월 03, 2021 14:56:57.91 [11072:17584:0203/145657.910:ERROR:device_event_log_impl.cc(211)] [14:56:57.911] USB: usb_device_handle_win.cc:1049 Failed to read descriptor from node connection: 시스템에 부착된 장치가 작동하지 않습니다. (0x1F)
2월 03, 2021 14:57:31.71 [12892:16144:0203/145731.717:ERROR:device_event_log_impl.cc(211)] [14:57:31.718] USB: usb_device_handle_win.cc:1049 Failed to read descriptor from node connection: 시스템에 부착된 장치가 작동하지 않습니다. (0x1F)
2월 03, 2021 15:00:32.88 [25540:8104:0203/150032.886:ERROR:device_event_log_impl.cc(211)] [15:00:32.885] USB: usb_device_handle_win.cc:1049 Failed to read descriptor from node connection: 시스템에 부착된 장치가 작동하지 않습니다. (0x1F)

2월 03, 2021 15:02:50.13 NEW SESSION
2월 03, 2021 15:02:50.13 [28256:21228:0203/150250.135:ERROR:device_event_log_impl.cc(211)] [15:02:50.136] USB: usb_device_handle_win.cc:1049 Failed to read descriptor from node connection: 시스템에 부착된 장치가 작동하지 않습니다. (0x1F)
2월 03, 2021 15:11:46.03 [25048:24872:0203/151146.031:ERROR:device_event_log_impl.cc(211)] [15:11:46.031] USB: usb_device_handle_win.cc:1049 Failed to read descriptor from node connection: 시스템에 부착된 장치가 작동하지 않습니다. (0x1F)

2월 07, 2021 12:32:19.21 NEW SESSION
2월 07, 2021 12:32:19.21 [26812:25196:0207/123219.212:ERROR:device_event_log_impl.cc(211)] [12:32:19.212] USB: usb_device_handle_win.cc:1049 Failed to read descriptor from node connection: 시스템에 부착된 장치가 작동하지 않습니다. (0x1F)
2월 07, 2021 14:43:07.58 [28080:18052:0207/144307.581:ERROR:device_event_log_impl.cc(211)] [14:43:07.582] USB: usb_device_handle_win.cc:1049 Failed to read descriptor from node connection: 시스템에 부착된 장치가 작동하지 않습니다. (0x1F)
2월 07, 2021 14:45:37.43 [9608:23528:0207/144537.435:ERROR:device_event_log_impl.cc(211)] [14:45:37.446] USB: usb_device_handle_win.cc:1049 Failed to read descriptor from node connection: 시스템에 부착된 장치가 작동하지 않습니다. (0x1F)
2월 07, 2021 15:18:08.25 [32144:9056:0207/151808.254:ERROR:device_event_log_impl.cc(211)] [15:18:08.255] USB: usb_device_handle_win.cc:1049 Failed to read descriptor from node connection: 시스템에 부착된 장치가 작동하지 않습니다. (0x1F)
2월 08, 2021 01:32:59.41 [32144:2712:0208/013259.414:ERROR:connection_factory_impl.cc(428)] Failed to connect to MCS endpoint with error -105
2월 08, 2021 01:32:59.45 [32144:22140:0208/013259.456:ERROR:get_updates_processor.cc(256)] PostClientToServerMessage() failed during GetUpdates with error 2
2월 08, 2021 02:43:13.92 [740:12272:0208/024313.928:ERROR:device_event_log_impl.cc(211)] [02:43:13.927] USB: usb_device_handle_win.cc:1049 Failed to read descriptor from node connection: 시스템에 부착된 장치가 작동하지 않습니다. (0x1F)

2월 08, 2021 21:10:25.80 NEW SESSION
2월 08, 2021 21:10:25.80 [16796:32236:0208/211025.790:ERROR:device_event_log_impl.cc(211)] [21:10:25.801] USB: usb_device_handle_win.cc:1049 Failed to read descriptor from node connection: 시스템에 부착된 장치가 작동하지 않습니다. (0x1F)
2월 08, 2021 21:13:37.11 [17812:11156:0208/211337.118:ERROR:device_event_log_impl.cc(211)] [21:13:37.118] USB: usb_device_handle_win.cc:1049 Failed to read descriptor from node connection: 시스템에 부착된 장치가 작동하지 않습니다. (0x1F)
2월 08, 2021 21:15:55.91 [26236:4340:0208/211555.913:ERROR:device_event_log_impl.cc(211)] [21:15:55.913] USB: usb_device_handle_win.cc:1049 Failed to read descriptor from node connection: 시스템에 부착된 장치가 작동하지 않습니다. (0x1F)
2월 08, 2021 21:22:06.09 [26832:8560:0208/212206.093:ERROR:device_event_log_impl.cc(211)] [21:22:06.094] USB: usb_device_handle_win.cc:1049 Failed to read descriptor from node connection: 시스템에 부착된 장치가 작동하지 않습니다. (0x1F)
2월 08, 2021 21:23:39.17 [29876:29116:0208/212339.178:ERROR:device_event_log_impl.cc(211)] [21:23:39.190] USB: usb_device_handle_win.cc:1049 Failed to read descriptor from node connection: 시스템에 부착된 장치가 작동하지 않습니다. (0x1F)
2월 08, 2021 21:36:37.54 [30052:24864:0208/213637.548:ERROR:device_event_log_impl.cc(211)] [21:36:37.560] USB: usb_device_handle_win.cc:1049 Failed to read descriptor from node connection: 시스템에 부착된 장치가 작동하지 않습니다. (0x1F)
2월 08, 2021 21:38:01.05 [18764:13284:0208/213801.057:ERROR:device_event_log_impl.cc(211)] [21:38:01.065] USB: usb_device_handle_win.cc:1049 Failed to read descriptor from node connection: 시스템에 부착된 장치가 작동하지 않습니다. (0x1F)
